Using pre-set license
Built from '2021.2/staging' branch; Version is '2021.2.19f1 (602ecdbb2fb0) revision 6303437'; Using compiler version '192829333'; Build Type 'Release'
OS: 'Windows 10  (10.0.19044) 64bit CoreSingleLanguage' Language: 'pt' Physical Memory: 16252 MB
BatchMode: 1, IsHumanControllingUs: 0, StartBugReporterOnCrash: 0, Is64bit: 1, IsPro: 1

COMMAND LINE ARGUMENTS:
D:\Projetos\Unity\Editor\Unity.exe
-adb2
-batchMode
-noUpm
-name
AssetImportWorker1
-projectPath
D:/Projetos/Unity/Busca-do-Agasalho/Em_Busca_Do_Agasalho
-logFile
Logs/AssetImportWorker1.log
-srvPort
54820
Successfully changed project path to: D:/Projetos/Unity/Busca-do-Agasalho/Em_Busca_Do_Agasalho
D:/Projetos/Unity/Busca-do-Agasalho/Em_Busca_Do_Agasalho
[UnityMemory] Configuration Parameters - Can be set up in boot.config
    "memorysetup-bucket-allocator-granularity=16"
    "memorysetup-bucket-allocator-bucket-count=8"
    "memorysetup-bucket-allocator-block-size=33554432"
    "memorysetup-bucket-allocator-block-count=8"
    "memorysetup-main-allocator-block-size=16777216"
    "memorysetup-thread-allocator-block-size=16777216"
    "memorysetup-gfx-main-allocator-block-size=16777216"
    "memorysetup-gfx-thread-allocator-block-size=16777216"
    "memorysetup-cache-allocator-block-size=4194304"
    "memorysetup-typetree-allocator-block-size=2097152"
    "memorysetup-profiler-bucket-allocator-granularity=16"
    "memorysetup-profiler-bucket-allocator-bucket-count=8"
    "memorysetup-profiler-bucket-allocator-block-size=33554432"
    "memorysetup-profiler-bucket-allocator-block-count=8"
    "memorysetup-profiler-allocator-block-size=16777216"
    "memorysetup-profiler-editor-allocator-block-size=1048576"
    "memorysetup-temp-allocator-size-main=16777216"
    "memorysetup-job-temp-allocator-block-size=2097152"
    "memorysetup-job-temp-allocator-block-size-background=1048576"
    "memorysetup-job-temp-allocator-reduction-small-platforms=262144"
    "memorysetup-temp-allocator-size-background-worker=32768"
    "memorysetup-temp-allocator-size-job-worker=262144"
    "memorysetup-temp-allocator-size-preload-manager=33554432"
    "memorysetup-temp-allocator-size-nav-mesh-worker=65536"
    "memorysetup-temp-allocator-size-audio-worker=65536"
    "memorysetup-temp-allocator-size-cloud-worker=32768"
    "memorysetup-temp-allocator-size-gi-baking-worker=262144"
    "memorysetup-temp-allocator-size-gfx=262144"
Refreshing native plugins compatible for Editor in 132.57 ms, found 3 plugins.
Preloading 0 native plugins for Editor in 0.00 ms.
Initialize engine version: 2021.2.19f1 (602ecdbb2fb0)
[Subsystems] Discovering subsystems at path D:/Projetos/Unity/Editor/Data/Resources/UnitySubsystems
[Subsystems] Discovering subsystems at path D:/Projetos/Unity/Busca-do-Agasalho/Em_Busca_Do_Agasalho/Assets
GfxDevice: creating device client; threaded=0; jobified=0
Direct3D:
    Version:  Direct3D 11.0 [level 11.1]
    Renderer: NVIDIA GeForce GTX 1050 (ID=0x1c8d)
    Vendor:   NVIDIA
    VRAM:     4021 MB
    Driver:   30.0.15.1215
Initialize mono
Mono path[0] = 'D:/Projetos/Unity/Editor/Data/Managed'
Mono path[1] = 'D:/Projetos/Unity/Editor/Data/MonoBleedingEdge/lib/mono/unityjit-win32'
Mono config path = 'D:/Projetos/Unity/Editor/Data/MonoBleedingEdge/etc'
Using monoOptions --debugger-agent=transport=dt_socket,embedding=1,server=y,suspend=n,address=127.0.0.1:56888
Begin MonoManager ReloadAssembly
Registering precompiled unity dll's ...
Register platform support module: D:/Projetos/Unity/Editor/Data/PlaybackEngines/WindowsStandaloneSupport/UnityEditor.WindowsStandalone.Extensions.dll
Register platform support module: D:/Projetos/Unity/Editor/Data/PlaybackEngines/MetroSupport/UnityEditor.UWP.Extensions.dll
Registered in 0.006240 seconds.
Native extension for UWP target not found
Native extension for WindowsStandalone target not found
Refreshing native plugins compatible for Editor in 129.45 ms, found 3 plugins.
Preloading 0 native plugins for Editor in 0.00 ms.
Mono: successfully reloaded assembly
- Completed reload, in  1.003 seconds
Domain Reload Profiling:
	ReloadAssembly (1003ms)
		BeginReloadAssembly (138ms)
			ExecutionOrderSort (0ms)
			DisableScriptedObjects (0ms)
			BackupInstance (0ms)
			ReleaseScriptingObjects (0ms)
			CreateAndSetChildDomain (1ms)
		EndReloadAssembly (681ms)
			LoadAssemblies (138ms)
			RebuildTransferFunctionScriptingTraits (0ms)
			SetupTypeCache (168ms)
			ReleaseScriptCaches (0ms)
			RebuildScriptCaches (40ms)
			SetupLoadedEditorAssemblies (397ms)
				LogAssemblyErrors (0ms)
				InitializePlatformSupportModulesInManaged (11ms)
				SetLoadedEditorAssemblies (0ms)
				RefreshPlugins (130ms)
				BeforeProcessingInitializeOnLoad (1ms)
				ProcessInitializeOnLoadAttributes (185ms)
				ProcessInitializeOnLoadMethodAttributes (69ms)
				AfterProcessingInitializeOnLoad (0ms)
				EditorAssembliesLoaded (0ms)
			ExecutionOrderSort2 (0ms)
			AwakeInstancesAfterBackupRestoration (0ms)
Platform modules already initialized, skipping
Registering precompiled user dll's ...
Registered in 0.006830 seconds.
Begin MonoManager ReloadAssembly
Native extension for UWP target not found
Native extension for WindowsStandalone target not found
Refreshing native plugins compatible for Editor in 0.61 ms, found 3 plugins.
Preloading 0 native plugins for Editor in 0.00 ms.
Mono: successfully reloaded assembly
- Completed reload, in  1.467 seconds
Domain Reload Profiling:
	ReloadAssembly (1468ms)
		BeginReloadAssembly (193ms)
			ExecutionOrderSort (0ms)
			DisableScriptedObjects (9ms)
			BackupInstance (0ms)
			ReleaseScriptingObjects (0ms)
			CreateAndSetChildDomain (37ms)
		EndReloadAssembly (1120ms)
			LoadAssemblies (162ms)
			RebuildTransferFunctionScriptingTraits (0ms)
			SetupTypeCache (366ms)
			ReleaseScriptCaches (1ms)
			RebuildScriptCaches (74ms)
			SetupLoadedEditorAssemblies (497ms)
				LogAssemblyErrors (0ms)
				InitializePlatformSupportModulesInManaged (7ms)
				SetLoadedEditorAssemblies (1ms)
				RefreshPlugins (1ms)
				BeforeProcessingInitializeOnLoad (121ms)
				ProcessInitializeOnLoadAttributes (324ms)
				ProcessInitializeOnLoadMethodAttributes (37ms)
				AfterProcessingInitializeOnLoad (5ms)
				EditorAssembliesLoaded (0ms)
			ExecutionOrderSort2 (0ms)
			AwakeInstancesAfterBackupRestoration (8ms)
Platform modules already initialized, skipping
========================================================================
Worker process is ready to serve import requests
Launched and connected shader compiler UnityShaderCompiler.exe after 0.12 seconds
Refreshing native plugins compatible for Editor in 0.62 ms, found 3 plugins.
Preloading 0 native plugins for Editor in 0.00 ms.
Unloading 3390 Unused Serialized files (Serialized files now loaded: 0)
Unloading 37 unused Assets / (183.5 KB). Loaded Objects now: 3862.
Memory consumption went from 130.8 MB to 130.6 MB.
Total: 4.527600 ms (FindLiveObjects: 0.672300 ms CreateObjectMapping: 0.338600 ms MarkObjects: 3.359900 ms  DeleteObjects: 0.155000 ms)

AssetImportParameters requested are different than current active one (requested -> active):
  custom:video-decoder-ogg-theora: a1e56fd34408186e4bbccfd4996cb3dc -> 
  custom:container-muxer-webm: aa71ff27fc2769a1b78a27578f13a17b -> 
  custom:container-demuxer-webm: 4f35f7cbe854078d1ac9338744f61a02 -> 
  custom:video-encoder-webm-vp8: eb34c28f22e8b96e1ab97ce403110664 -> 
  custom:audio-encoder-webm-vorbis: bf7c407c2cedff20999df2af8eb42d56 -> 
  custom:framework-win-MediaFoundation: 216162199b28c13a410421893ffa2e32 -> 
  custom:container-demuxer-ogg: 62fdf1f143b41e24485cea50d1cbac27 -> 
  custom:video-decoder-webm-vp8: 9c59270c3fd7afecdb556c50c9e8de78 -> 
  custom:audio-decoder-ogg-vorbis: bf7c407c2cedff20999df2af8eb42d56 -> 
========================================================================
Received Prepare
Registering precompiled user dll's ...
Registered in 0.013671 seconds.
Begin MonoManager ReloadAssembly
Native extension for UWP target not found
Native extension for WindowsStandalone target not found
Refreshing native plugins compatible for Editor in 0.99 ms, found 3 plugins.
Preloading 0 native plugins for Editor in 0.00 ms.
Mono: successfully reloaded assembly
- Completed reload, in  3.229 seconds
Domain Reload Profiling:
	ReloadAssembly (3238ms)
		BeginReloadAssembly (471ms)
			ExecutionOrderSort (0ms)
			DisableScriptedObjects (18ms)
			BackupInstance (0ms)
			ReleaseScriptingObjects (0ms)
			CreateAndSetChildDomain (88ms)
		EndReloadAssembly (2409ms)
			LoadAssemblies (335ms)
			RebuildTransferFunctionScriptingTraits (0ms)
			SetupTypeCache (743ms)
			ReleaseScriptCaches (3ms)
			RebuildScriptCaches (111ms)
			SetupLoadedEditorAssemblies (1070ms)
				LogAssemblyErrors (0ms)
				InitializePlatformSupportModulesInManaged (51ms)
				SetLoadedEditorAssemblies (1ms)
				RefreshPlugins (1ms)
				BeforeProcessingInitializeOnLoad (190ms)
				ProcessInitializeOnLoadAttributes (710ms)
				ProcessInitializeOnLoadMethodAttributes (107ms)
				AfterProcessingInitializeOnLoad (9ms)
				EditorAssembliesLoaded (0ms)
			ExecutionOrderSort2 (0ms)
			AwakeInstancesAfterBackupRestoration (31ms)
Platform modules already initialized, skipping
Refreshing native plugins compatible for Editor in 2.85 ms, found 3 plugins.
Preloading 0 native plugins for Editor in 0.00 ms.
Unloading 3383 Unused Serialized files (Serialized files now loaded: 0)
Unloading 18 unused Assets / (150.7 KB). Loaded Objects now: 3877.
Memory consumption went from 130.5 MB to 130.4 MB.
Total: 7.338000 ms (FindLiveObjects: 0.559500 ms CreateObjectMapping: 0.722600 ms MarkObjects: 5.907200 ms  DeleteObjects: 0.147500 ms)

AssetImportParameters requested are different than current active one (requested -> active):
  custom:video-decoder-ogg-theora: a1e56fd34408186e4bbccfd4996cb3dc -> 
  custom:container-muxer-webm: aa71ff27fc2769a1b78a27578f13a17b -> 
  custom:container-demuxer-webm: 4f35f7cbe854078d1ac9338744f61a02 -> 
  custom:video-encoder-webm-vp8: eb34c28f22e8b96e1ab97ce403110664 -> 
  custom:audio-encoder-webm-vorbis: bf7c407c2cedff20999df2af8eb42d56 -> 
  custom:framework-win-MediaFoundation: 216162199b28c13a410421893ffa2e32 -> 
  custom:container-demuxer-ogg: 62fdf1f143b41e24485cea50d1cbac27 -> 
  custom:video-decoder-webm-vp8: 9c59270c3fd7afecdb556c50c9e8de78 -> 
  custom:audio-decoder-ogg-vorbis: bf7c407c2cedff20999df2af8eb42d56 -> 
========================================================================
Received Import Request.
  Time since last request: 924140.610979 seconds.
  path: Assets/CubexCube - Free City Pack I/Materials/Texture_Billboard_01.mat
  artifactKey: Guid(8d32a805d5eb1194f8ecfb3f8fe04c53) Importer(815301076,1909f56bfc062723c751e8b465ee728b)
Start importing Assets/CubexCube - Free City Pack I/Materials/Texture_Billboard_01.mat using Guid(8d32a805d5eb1194f8ecfb3f8fe04c53) Importer(815301076,1909f56bfc062723c751e8b465ee728b)  -> (artifact id: '664da050e183604d1efb8a830ed3c8c4') in 0.433172 seconds 
========================================================================
Received Import Request.
  Time since last request: 10.882117 seconds.
  path: Assets/CubexCube - Free City Pack I/Models/Props_Road/Env_Road_Column.fbx
  artifactKey: Guid(3993e7db819314f498d6914eb9bfd53d) Importer(815301076,1909f56bfc062723c751e8b465ee728b)
Start importing Assets/CubexCube - Free City Pack I/Models/Props_Road/Env_Road_Column.fbx using Guid(3993e7db819314f498d6914eb9bfd53d) Importer(815301076,1909f56bfc062723c751e8b465ee728b)  -> (artifact id: '6407755ea78d6cc47b91383647f8d339') in 0.140557 seconds 
========================================================================
Received Import Request.
  Time since last request: 0.000059 seconds.
  path: Assets/CubexCube - Free City Pack I/Models/Props_Road/Env_Speed_Bump.fbx
  artifactKey: Guid(c37c4a006630bd64ca49a5a712039130) Importer(815301076,1909f56bfc062723c751e8b465ee728b)
Start importing Assets/CubexCube - Free City Pack I/Models/Props_Road/Env_Speed_Bump.fbx using Guid(c37c4a006630bd64ca49a5a712039130) Importer(815301076,1909f56bfc062723c751e8b465ee728b)  -> (artifact id: 'e1892628ffd03f0bf5cd01c90286821e') in 0.044220 seconds 
========================================================================
Received Import Request.
  Time since last request: 7.162463 seconds.
  path: Assets/CubexCube - Free City Pack I/Models/Roads/Road_Grass.fbx
  artifactKey: Guid(b939710e6925a7541841065d4ed919fd) Importer(815301076,1909f56bfc062723c751e8b465ee728b)
Start importing Assets/CubexCube - Free City Pack I/Models/Roads/Road_Grass.fbx using Guid(b939710e6925a7541841065d4ed919fd) Importer(815301076,1909f56bfc062723c751e8b465ee728b)  -> (artifact id: 'db58f715bd84cc7c5a24a6b3d3683a9f') in 0.083208 seconds 
========================================================================
Received Import Request.
  Time since last request: 0.000058 seconds.
  path: Assets/CubexCube - Free City Pack I/Models/Roads/Road_Path_Sand.fbx
  artifactKey: Guid(df6561a969a2dcc41a504e95c80dd4d3) Importer(815301076,1909f56bfc062723c751e8b465ee728b)
Start importing Assets/CubexCube - Free City Pack I/Models/Roads/Road_Path_Sand.fbx using Guid(df6561a969a2dcc41a504e95c80dd4d3) Importer(815301076,1909f56bfc062723c751e8b465ee728b)  -> (artifact id: '105cf79adc19f2894993250181047ccc') in 0.053260 seconds 
========================================================================
Received Import Request.
  Time since last request: 0.000034 seconds.
  path: Assets/CubexCube - Free City Pack I/Models/Roads/Road_Home.fbx
  artifactKey: Guid(cc9574e4675f36346a4f3ffc370536c3) Importer(815301076,1909f56bfc062723c751e8b465ee728b)
Start importing Assets/CubexCube - Free City Pack I/Models/Roads/Road_Home.fbx using Guid(cc9574e4675f36346a4f3ffc370536c3) Importer(815301076,1909f56bfc062723c751e8b465ee728b)  -> (artifact id: '575af838fcce0863402ddac9d8953b64') in 0.045154 seconds 
========================================================================
Received Import Request.
  Time since last request: 0.000034 seconds.
  path: Assets/CubexCube - Free City Pack I/Models/Roads/Road_Turn_90_1.fbx
  artifactKey: Guid(5c99eabcda699324f97cd0f0851c1bd5) Importer(815301076,1909f56bfc062723c751e8b465ee728b)
Start importing Assets/CubexCube - Free City Pack I/Models/Roads/Road_Turn_90_1.fbx using Guid(5c99eabcda699324f97cd0f0851c1bd5) Importer(815301076,1909f56bfc062723c751e8b465ee728b)  -> (artifact id: '13d5db86a9a1a2598a68b532996135c9') in 0.042362 seconds 
========================================================================
Received Import Request.
  Time since last request: 9.248368 seconds.
  path: Assets/CubexCube - Free City Pack I/Models/Props_Street/Env_Bush_1.fbx
  artifactKey: Guid(dec6ed20c78ad644db8dc038623e159c) Importer(815301076,1909f56bfc062723c751e8b465ee728b)
Start importing Assets/CubexCube - Free City Pack I/Models/Props_Street/Env_Bush_1.fbx using Guid(dec6ed20c78ad644db8dc038623e159c) Importer(815301076,1909f56bfc062723c751e8b465ee728b)  -> (artifact id: 'a3538685b275c0d587113db8b3c7619a') in 0.025098 seconds 
========================================================================
Received Import Request.
  Time since last request: 0.000060 seconds.
  path: Assets/CubexCube - Free City Pack I/Models/Props_Street/Env_Playground_4.fbx
  artifactKey: Guid(80842223b7243614c83d14448a827d48) Importer(815301076,1909f56bfc062723c751e8b465ee728b)
Start importing Assets/CubexCube - Free City Pack I/Models/Props_Street/Env_Playground_4.fbx using Guid(80842223b7243614c83d14448a827d48) Importer(815301076,1909f56bfc062723c751e8b465ee728b)  -> (artifact id: '7e06036a0ad465ec44cfae71b14d2313') in 0.038121 seconds 
========================================================================
Received Import Request.
  Time since last request: 0.000030 seconds.
  path: Assets/CubexCube - Free City Pack I/Models/Props_Street/Env_Playground_6.fbx
  artifactKey: Guid(b664e67e5bc01c64ba177cd9c10d4ff7) Importer(815301076,1909f56bfc062723c751e8b465ee728b)
Start importing Assets/CubexCube - Free City Pack I/Models/Props_Street/Env_Playground_6.fbx using Guid(b664e67e5bc01c64ba177cd9c10d4ff7) Importer(815301076,1909f56bfc062723c751e8b465ee728b)  -> (artifact id: 'dbf225e2883d9d2fc9678f9afb411a78') in 0.047954 seconds 
========================================================================
Received Import Request.
  Time since last request: 0.000031 seconds.
  path: Assets/CubexCube - Free City Pack I/Models/Props_Street/Env_Playground_Fence_Turn_90.fbx
  artifactKey: Guid(20120f0342d92374eb622f78ec54f5ad) Importer(815301076,1909f56bfc062723c751e8b465ee728b)
Start importing Assets/CubexCube - Free City Pack I/Models/Props_Street/Env_Playground_Fence_Turn_90.fbx using Guid(20120f0342d92374eb622f78ec54f5ad) Importer(815301076,1909f56bfc062723c751e8b465ee728b)  -> (artifact id: '0fff0144290e80bfa5ac9d75cf9cdcf8') in 0.048932 seconds 
========================================================================
Received Import Request.
  Time since last request: 0.000028 seconds.
  path: Assets/CubexCube - Free City Pack I/Models/Props_Street/Props_Rocks_1.fbx
  artifactKey: Guid(d0bebdd80e6456644a7c3dd004e55d29) Importer(815301076,1909f56bfc062723c751e8b465ee728b)
Start importing Assets/CubexCube - Free City Pack I/Models/Props_Street/Props_Rocks_1.fbx using Guid(d0bebdd80e6456644a7c3dd004e55d29) Importer(815301076,1909f56bfc062723c751e8b465ee728b)  -> (artifact id: '7193d26ef66b27ce878082c8ed448a47') in 0.089511 seconds 
========================================================================
Received Import Request.
  Time since last request: 0.000026 seconds.
  path: Assets/CubexCube - Free City Pack I/Models/Props_Street/Env_Trash_Can_3.fbx
  artifactKey: Guid(a55b2bcb378f69746946aeeb0b1ad9b8) Importer(815301076,1909f56bfc062723c751e8b465ee728b)
Start importing Assets/CubexCube - Free City Pack I/Models/Props_Street/Env_Trash_Can_3.fbx using Guid(a55b2bcb378f69746946aeeb0b1ad9b8) Importer(815301076,1909f56bfc062723c751e8b465ee728b)  -> (artifact id: 'a0d7807b38656fe8bc8c4080e6727f4c') in 0.029687 seconds 
========================================================================
Received Import Request.
  Time since last request: 48.684725 seconds.
  path: Assets/CubexCube - Free City Pack I/Textures/Texture_Billboard_1.png
  artifactKey: Guid(54d9c94a4f5e2884b939d10e3107c0cc) Importer(815301076,1909f56bfc062723c751e8b465ee728b)
Start importing Assets/CubexCube - Free City Pack I/Textures/Texture_Billboard_1.png using Guid(54d9c94a4f5e2884b939d10e3107c0cc) Importer(815301076,1909f56bfc062723c751e8b465ee728b)  -> (artifact id: 'c88311e23f5bc7ed30ff6575ed1ed96f') in 0.103260 seconds 
