Using pre-set license
Built from '2021.2/staging' branch; Version is '2021.2.19f1 (602ecdbb2fb0) revision 6303437'; Using compiler version '192829333'; Build Type 'Release'
OS: 'Windows 10  (10.0.19044) 64bit CoreSingleLanguage' Language: 'pt' Physical Memory: 16252 MB
BatchMode: 1, IsHumanControllingUs: 0, StartBugReporterOnCrash: 0, Is64bit: 1, IsPro: 1

COMMAND LINE ARGUMENTS:
D:\Projetos\Unity\Editor\Unity.exe
-adb2
-batchMode
-noUpm
-name
AssetImportWorker1
-projectPath
D:/Projetos/Unity/Busca-do-Agasalho/Em_Busca_Do_Agasalho
-logFile
Logs/AssetImportWorker1.log
-srvPort
59985
Successfully changed project path to: D:/Projetos/Unity/Busca-do-Agasalho/Em_Busca_Do_Agasalho
D:/Projetos/Unity/Busca-do-Agasalho/Em_Busca_Do_Agasalho
[UnityMemory] Configuration Parameters - Can be set up in boot.config
    "memorysetup-bucket-allocator-granularity=16"
    "memorysetup-bucket-allocator-bucket-count=8"
    "memorysetup-bucket-allocator-block-size=33554432"
    "memorysetup-bucket-allocator-block-count=8"
    "memorysetup-main-allocator-block-size=16777216"
    "memorysetup-thread-allocator-block-size=16777216"
    "memorysetup-gfx-main-allocator-block-size=16777216"
    "memorysetup-gfx-thread-allocator-block-size=16777216"
    "memorysetup-cache-allocator-block-size=4194304"
    "memorysetup-typetree-allocator-block-size=2097152"
    "memorysetup-profiler-bucket-allocator-granularity=16"
    "memorysetup-profiler-bucket-allocator-bucket-count=8"
    "memorysetup-profiler-bucket-allocator-block-size=33554432"
    "memorysetup-profiler-bucket-allocator-block-count=8"
    "memorysetup-profiler-allocator-block-size=16777216"
    "memorysetup-profiler-editor-allocator-block-size=1048576"
    "memorysetup-temp-allocator-size-main=16777216"
    "memorysetup-job-temp-allocator-block-size=2097152"
    "memorysetup-job-temp-allocator-block-size-background=1048576"
    "memorysetup-job-temp-allocator-reduction-small-platforms=262144"
    "memorysetup-temp-allocator-size-background-worker=32768"
    "memorysetup-temp-allocator-size-job-worker=262144"
    "memorysetup-temp-allocator-size-preload-manager=33554432"
    "memorysetup-temp-allocator-size-nav-mesh-worker=65536"
    "memorysetup-temp-allocator-size-audio-worker=65536"
    "memorysetup-temp-allocator-size-cloud-worker=32768"
    "memorysetup-temp-allocator-size-gi-baking-worker=262144"
    "memorysetup-temp-allocator-size-gfx=262144"
Refreshing native plugins compatible for Editor in 154.82 ms, found 3 plugins.
Preloading 0 native plugins for Editor in 0.00 ms.
Initialize engine version: 2021.2.19f1 (602ecdbb2fb0)
[Subsystems] Discovering subsystems at path D:/Projetos/Unity/Editor/Data/Resources/UnitySubsystems
[Subsystems] Discovering subsystems at path D:/Projetos/Unity/Busca-do-Agasalho/Em_Busca_Do_Agasalho/Assets
GfxDevice: creating device client; threaded=0; jobified=0
Direct3D:
    Version:  Direct3D 11.0 [level 11.1]
    Renderer: NVIDIA GeForce GTX 1050 (ID=0x1c8d)
    Vendor:   NVIDIA
    VRAM:     4021 MB
    Driver:   30.0.15.1215
Initialize mono
Mono path[0] = 'D:/Projetos/Unity/Editor/Data/Managed'
Mono path[1] = 'D:/Projetos/Unity/Editor/Data/MonoBleedingEdge/lib/mono/unityjit-win32'
Mono config path = 'D:/Projetos/Unity/Editor/Data/MonoBleedingEdge/etc'
Using monoOptions --debugger-agent=transport=dt_socket,embedding=1,server=y,suspend=n,address=127.0.0.1:56864
Begin MonoManager ReloadAssembly
Registering precompiled unity dll's ...
Register platform support module: D:/Projetos/Unity/Editor/Data/PlaybackEngines/WindowsStandaloneSupport/UnityEditor.WindowsStandalone.Extensions.dll
Register platform support module: D:/Projetos/Unity/Editor/Data/PlaybackEngines/MetroSupport/UnityEditor.UWP.Extensions.dll
Registered in 0.006038 seconds.
Native extension for UWP target not found
Native extension for WindowsStandalone target not found
Refreshing native plugins compatible for Editor in 783.58 ms, found 3 plugins.
Preloading 0 native plugins for Editor in 0.00 ms.
Mono: successfully reloaded assembly
- Completed reload, in  2.827 seconds
Domain Reload Profiling:
	ReloadAssembly (2828ms)
		BeginReloadAssembly (153ms)
			ExecutionOrderSort (0ms)
			DisableScriptedObjects (0ms)
			BackupInstance (0ms)
			ReleaseScriptingObjects (0ms)
			CreateAndSetChildDomain (3ms)
		EndReloadAssembly (2513ms)
			LoadAssemblies (151ms)
			RebuildTransferFunctionScriptingTraits (0ms)
			SetupTypeCache (173ms)
			ReleaseScriptCaches (0ms)
			RebuildScriptCaches (98ms)
			SetupLoadedEditorAssemblies (2151ms)
				LogAssemblyErrors (0ms)
				InitializePlatformSupportModulesInManaged (133ms)
				SetLoadedEditorAssemblies (2ms)
				RefreshPlugins (785ms)
				BeforeProcessingInitializeOnLoad (3ms)
				ProcessInitializeOnLoadAttributes (843ms)
				ProcessInitializeOnLoadMethodAttributes (370ms)
				AfterProcessingInitializeOnLoad (0ms)
				EditorAssembliesLoaded (16ms)
			ExecutionOrderSort2 (0ms)
			AwakeInstancesAfterBackupRestoration (0ms)
Platform modules already initialized, skipping
Registering precompiled user dll's ...
Registered in 0.029180 seconds.
Begin MonoManager ReloadAssembly
Symbol file LoadedFromMemory doesn't match image D:\Projetos\Unity\Busca-do-Agasalho\Em_Busca_Do_Agasalho\Library\PackageCache\com.unity.visualscripting@1.7.6\Editor\VisualScripting.Core\Dependencies\YamlDotNet\Unity.VisualScripting.YamlDotNet.dll
Symbol file LoadedFromMemory is not a mono symbol file
Symbol file LoadedFromMemory doesn't match image D:\Projetos\Unity\Busca-do-Agasalho\Em_Busca_Do_Agasalho\Library\PackageCache\com.unity.visualscripting@1.7.6\Editor\VisualScripting.Core\Dependencies\DotNetZip\Unity.VisualScripting.IonicZip.dll
Native extension for UWP target not found
Native extension for WindowsStandalone target not found
Refreshing native plugins compatible for Editor in 0.62 ms, found 3 plugins.
Preloading 0 native plugins for Editor in 0.00 ms.
Mono: successfully reloaded assembly
- Completed reload, in  4.486 seconds
Domain Reload Profiling:
	ReloadAssembly (4488ms)
		BeginReloadAssembly (750ms)
			ExecutionOrderSort (0ms)
			DisableScriptedObjects (22ms)
			BackupInstance (0ms)
			ReleaseScriptingObjects (0ms)
			CreateAndSetChildDomain (61ms)
		EndReloadAssembly (3218ms)
			LoadAssemblies (673ms)
			RebuildTransferFunctionScriptingTraits (0ms)
			SetupTypeCache (1204ms)
			ReleaseScriptCaches (1ms)
			RebuildScriptCaches (256ms)
			SetupLoadedEditorAssemblies (1410ms)
				LogAssemblyErrors (0ms)
				InitializePlatformSupportModulesInManaged (7ms)
				SetLoadedEditorAssemblies (1ms)
				RefreshPlugins (1ms)
				BeforeProcessingInitializeOnLoad (281ms)
				ProcessInitializeOnLoadAttributes (1021ms)
				ProcessInitializeOnLoadMethodAttributes (80ms)
				AfterProcessingInitializeOnLoad (18ms)
				EditorAssembliesLoaded (1ms)
			ExecutionOrderSort2 (0ms)
			AwakeInstancesAfterBackupRestoration (23ms)
Platform modules already initialized, skipping
========================================================================
Worker process is ready to serve import requests
Launched and connected shader compiler UnityShaderCompiler.exe after 0.23 seconds
Refreshing native plugins compatible for Editor in 0.91 ms, found 3 plugins.
Preloading 0 native plugins for Editor in 0.00 ms.
Unloading 3390 Unused Serialized files (Serialized files now loaded: 0)
Unloading 37 unused Assets / (183.5 KB). Loaded Objects now: 3862.
Memory consumption went from 130.8 MB to 130.6 MB.
Total: 5.905900 ms (FindLiveObjects: 0.503900 ms CreateObjectMapping: 0.748700 ms MarkObjects: 4.412200 ms  DeleteObjects: 0.238700 ms)

AssetImportParameters requested are different than current active one (requested -> active):
  custom:video-decoder-ogg-theora: a1e56fd34408186e4bbccfd4996cb3dc -> 
  custom:container-muxer-webm: aa71ff27fc2769a1b78a27578f13a17b -> 
  custom:container-demuxer-webm: 4f35f7cbe854078d1ac9338744f61a02 -> 
  custom:video-encoder-webm-vp8: eb34c28f22e8b96e1ab97ce403110664 -> 
  custom:audio-encoder-webm-vorbis: bf7c407c2cedff20999df2af8eb42d56 -> 
  custom:framework-win-MediaFoundation: 216162199b28c13a410421893ffa2e32 -> 
  custom:container-demuxer-ogg: 62fdf1f143b41e24485cea50d1cbac27 -> 
  custom:video-decoder-webm-vp8: 9c59270c3fd7afecdb556c50c9e8de78 -> 
  custom:audio-decoder-ogg-vorbis: bf7c407c2cedff20999df2af8eb42d56 -> 
========================================================================
Received Import Request.
  Time since last request: 925585.580568 seconds.
  path: Assets/Tiny_Toony_City_Demo/Materials/M_City.mat
  artifactKey: Guid(372a0ee0586b691428d79f25b90f4296) Importer(815301076,1909f56bfc062723c751e8b465ee728b)
Start importing Assets/Tiny_Toony_City_Demo/Materials/M_City.mat using Guid(372a0ee0586b691428d79f25b90f4296) Importer(815301076,1909f56bfc062723c751e8b465ee728b)  -> (artifact id: 'a1b01cdb959d4dd5d809d27f57a5eeb9') in 0.381019 seconds 
========================================================================
Received Prepare
Registering precompiled user dll's ...
Registered in 0.008077 seconds.
Begin MonoManager ReloadAssembly
Symbol file LoadedFromMemory doesn't match image D:\Projetos\Unity\Busca-do-Agasalho\Em_Busca_Do_Agasalho\Library\PackageCache\com.unity.visualscripting@1.7.6\Editor\VisualScripting.Core\Dependencies\YamlDotNet\Unity.VisualScripting.YamlDotNet.dll
Symbol file LoadedFromMemory is not a mono symbol file
Symbol file LoadedFromMemory doesn't match image D:\Projetos\Unity\Busca-do-Agasalho\Em_Busca_Do_Agasalho\Library\PackageCache\com.unity.visualscripting@1.7.6\Editor\VisualScripting.Core\Dependencies\DotNetZip\Unity.VisualScripting.IonicZip.dll
Native extension for UWP target not found
Native extension for WindowsStandalone target not found
Refreshing native plugins compatible for Editor in 1.54 ms, found 3 plugins.
Preloading 0 native plugins for Editor in 0.00 ms.
Mono: successfully reloaded assembly
- Completed reload, in  3.395 seconds
Domain Reload Profiling:
	ReloadAssembly (3397ms)
		BeginReloadAssembly (254ms)
			ExecutionOrderSort (0ms)
			DisableScriptedObjects (7ms)
			BackupInstance (0ms)
			ReleaseScriptingObjects (0ms)
			CreateAndSetChildDomain (62ms)
		EndReloadAssembly (2876ms)
			LoadAssemblies (257ms)
			RebuildTransferFunctionScriptingTraits (0ms)
			SetupTypeCache (879ms)
			ReleaseScriptCaches (2ms)
			RebuildScriptCaches (218ms)
			SetupLoadedEditorAssemblies (1210ms)
				LogAssemblyErrors (0ms)
				InitializePlatformSupportModulesInManaged (81ms)
				SetLoadedEditorAssemblies (2ms)
				RefreshPlugins (2ms)
				BeforeProcessingInitializeOnLoad (237ms)
				ProcessInitializeOnLoadAttributes (716ms)
				ProcessInitializeOnLoadMethodAttributes (163ms)
				AfterProcessingInitializeOnLoad (9ms)
				EditorAssembliesLoaded (0ms)
			ExecutionOrderSort2 (0ms)
			AwakeInstancesAfterBackupRestoration (23ms)
Platform modules already initialized, skipping
Refreshing native plugins compatible for Editor in 3.82 ms, found 3 plugins.
Preloading 0 native plugins for Editor in 0.00 ms.
Unloading 3383 Unused Serialized files (Serialized files now loaded: 0)
Unloading 18 unused Assets / (150.9 KB). Loaded Objects now: 3916.
Memory consumption went from 135.1 MB to 134.9 MB.
Total: 14.916000 ms (FindLiveObjects: 2.798400 ms CreateObjectMapping: 8.101200 ms MarkObjects: 3.899700 ms  DeleteObjects: 0.115000 ms)

AssetImportParameters requested are different than current active one (requested -> active):
  custom:video-decoder-ogg-theora: a1e56fd34408186e4bbccfd4996cb3dc -> 
  custom:container-muxer-webm: aa71ff27fc2769a1b78a27578f13a17b -> 
  custom:container-demuxer-webm: 4f35f7cbe854078d1ac9338744f61a02 -> 
  custom:video-encoder-webm-vp8: eb34c28f22e8b96e1ab97ce403110664 -> 
  custom:audio-encoder-webm-vorbis: bf7c407c2cedff20999df2af8eb42d56 -> 
  custom:framework-win-MediaFoundation: 216162199b28c13a410421893ffa2e32 -> 
  custom:container-demuxer-ogg: 62fdf1f143b41e24485cea50d1cbac27 -> 
  custom:video-decoder-webm-vp8: 9c59270c3fd7afecdb556c50c9e8de78 -> 
  custom:audio-decoder-ogg-vorbis: bf7c407c2cedff20999df2af8eb42d56 -> 
========================================================================
Received Prepare
Registering precompiled user dll's ...
Registered in 0.009455 seconds.
Begin MonoManager ReloadAssembly
Symbol file LoadedFromMemory doesn't match image D:\Projetos\Unity\Busca-do-Agasalho\Em_Busca_Do_Agasalho\Library\PackageCache\com.unity.visualscripting@1.7.6\Editor\VisualScripting.Core\Dependencies\YamlDotNet\Unity.VisualScripting.YamlDotNet.dll
Symbol file LoadedFromMemory is not a mono symbol file
Symbol file LoadedFromMemory doesn't match image D:\Projetos\Unity\Busca-do-Agasalho\Em_Busca_Do_Agasalho\Library\PackageCache\com.unity.visualscripting@1.7.6\Editor\VisualScripting.Core\Dependencies\DotNetZip\Unity.VisualScripting.IonicZip.dll
Native extension for UWP target not found
Native extension for WindowsStandalone target not found
Refreshing native plugins compatible for Editor in 1.22 ms, found 3 plugins.
Preloading 0 native plugins for Editor in 0.00 ms.
Mono: successfully reloaded assembly
- Completed reload, in  2.964 seconds
Domain Reload Profiling:
	ReloadAssembly (2965ms)
		BeginReloadAssembly (245ms)
			ExecutionOrderSort (0ms)
			DisableScriptedObjects (6ms)
			BackupInstance (0ms)
			ReleaseScriptingObjects (0ms)
			CreateAndSetChildDomain (51ms)
		EndReloadAssembly (2447ms)
			LoadAssemblies (256ms)
			RebuildTransferFunctionScriptingTraits (0ms)
			SetupTypeCache (785ms)
			ReleaseScriptCaches (7ms)
			RebuildScriptCaches (143ms)
			SetupLoadedEditorAssemblies (1117ms)
				LogAssemblyErrors (0ms)
				InitializePlatformSupportModulesInManaged (40ms)
				SetLoadedEditorAssemblies (1ms)
				RefreshPlugins (1ms)
				BeforeProcessingInitializeOnLoad (262ms)
				ProcessInitializeOnLoadAttributes (716ms)
				ProcessInitializeOnLoadMethodAttributes (88ms)
				AfterProcessingInitializeOnLoad (9ms)
				EditorAssembliesLoaded (0ms)
			ExecutionOrderSort2 (0ms)
			AwakeInstancesAfterBackupRestoration (20ms)
Platform modules already initialized, skipping
Refreshing native plugins compatible for Editor in 14.71 ms, found 3 plugins.
Preloading 0 native plugins for Editor in 0.00 ms.
Unloading 3383 Unused Serialized files (Serialized files now loaded: 0)
Unloading 18 unused Assets / (150.9 KB). Loaded Objects now: 3931.
Memory consumption went from 135.1 MB to 134.9 MB.
Total: 4.489900 ms (FindLiveObjects: 0.531600 ms CreateObjectMapping: 0.347800 ms MarkObjects: 3.430000 ms  DeleteObjects: 0.179000 ms)

AssetImportParameters requested are different than current active one (requested -> active):
  custom:video-decoder-ogg-theora: a1e56fd34408186e4bbccfd4996cb3dc -> 
  custom:container-muxer-webm: aa71ff27fc2769a1b78a27578f13a17b -> 
  custom:container-demuxer-webm: 4f35f7cbe854078d1ac9338744f61a02 -> 
  custom:video-encoder-webm-vp8: eb34c28f22e8b96e1ab97ce403110664 -> 
  custom:audio-encoder-webm-vorbis: bf7c407c2cedff20999df2af8eb42d56 -> 
  custom:framework-win-MediaFoundation: 216162199b28c13a410421893ffa2e32 -> 
  custom:container-demuxer-ogg: 62fdf1f143b41e24485cea50d1cbac27 -> 
  custom:video-decoder-webm-vp8: 9c59270c3fd7afecdb556c50c9e8de78 -> 
  custom:audio-decoder-ogg-vorbis: bf7c407c2cedff20999df2af8eb42d56 -> 
========================================================================
Received Import Request.
  Time since last request: 693.324132 seconds.
  path: Assets/Buildings_pack_lite/Prefabs/Houses/1_pink_houses/house01.prefab
  artifactKey: Guid(f44c28f4c32dfcd47a37532f228877e5) Importer(815301076,1909f56bfc062723c751e8b465ee728b)
Start importing Assets/Buildings_pack_lite/Prefabs/Houses/1_pink_houses/house01.prefab using Guid(f44c28f4c32dfcd47a37532f228877e5) Importer(815301076,1909f56bfc062723c751e8b465ee728b)  -> (artifact id: 'cc34974e2ec54ff4ba6d49b680b89f3e') in 0.495508 seconds 
========================================================================
Received Import Request.
  Time since last request: 0.000039 seconds.
  path: Assets/Buildings_pack_lite/Prefabs/Houses/1_pink_houses/house04.prefab
  artifactKey: Guid(7619c9b1212fe4f4cbd5b7a054a1301f) Importer(815301076,1909f56bfc062723c751e8b465ee728b)
Start importing Assets/Buildings_pack_lite/Prefabs/Houses/1_pink_houses/house04.prefab using Guid(7619c9b1212fe4f4cbd5b7a054a1301f) Importer(815301076,1909f56bfc062723c751e8b465ee728b)  -> (artifact id: 'dbb7299036f15eaa9ad9efc286e3c5df') in 0.024784 seconds 
========================================================================
Received Import Request.
  Time since last request: 0.000037 seconds.
  path: Assets/Buildings_pack_lite/Prefabs/Houses/1_pink_houses/house03.prefab
  artifactKey: Guid(dd8de5fe3f0695e458ab9ad0b0d065ca) Importer(815301076,1909f56bfc062723c751e8b465ee728b)
Start importing Assets/Buildings_pack_lite/Prefabs/Houses/1_pink_houses/house03.prefab using Guid(dd8de5fe3f0695e458ab9ad0b0d065ca) Importer(815301076,1909f56bfc062723c751e8b465ee728b)  -> (artifact id: '8462ce2a15a1cedb08657d81affd78d3') in 0.021690 seconds 
========================================================================
Received Prepare
Registering precompiled user dll's ...
Registered in 0.007220 seconds.
Begin MonoManager ReloadAssembly
Symbol file LoadedFromMemory doesn't match image D:\Projetos\Unity\Busca-do-Agasalho\Em_Busca_Do_Agasalho\Library\PackageCache\com.unity.visualscripting@1.7.6\Editor\VisualScripting.Core\Dependencies\YamlDotNet\Unity.VisualScripting.YamlDotNet.dll
Symbol file LoadedFromMemory is not a mono symbol file
Symbol file LoadedFromMemory doesn't match image D:\Projetos\Unity\Busca-do-Agasalho\Em_Busca_Do_Agasalho\Library\PackageCache\com.unity.visualscripting@1.7.6\Editor\VisualScripting.Core\Dependencies\DotNetZip\Unity.VisualScripting.IonicZip.dll
Native extension for UWP target not found
Native extension for WindowsStandalone target not found
Refreshing native plugins compatible for Editor in 0.82 ms, found 3 plugins.
Preloading 0 native plugins for Editor in 0.00 ms.
Mono: successfully reloaded assembly
- Completed reload, in  3.908 seconds
Domain Reload Profiling:
	ReloadAssembly (3910ms)
		BeginReloadAssembly (364ms)
			ExecutionOrderSort (0ms)
			DisableScriptedObjects (6ms)
			BackupInstance (0ms)
			ReleaseScriptingObjects (0ms)
			CreateAndSetChildDomain (71ms)
		EndReloadAssembly (3181ms)
			LoadAssemblies (380ms)
			RebuildTransferFunctionScriptingTraits (0ms)
			SetupTypeCache (1033ms)
			ReleaseScriptCaches (2ms)
			RebuildScriptCaches (232ms)
			SetupLoadedEditorAssemblies (1458ms)
				LogAssemblyErrors (0ms)
				InitializePlatformSupportModulesInManaged (60ms)
				SetLoadedEditorAssemblies (1ms)
				RefreshPlugins (1ms)
				BeforeProcessingInitializeOnLoad (329ms)
				ProcessInitializeOnLoadAttributes (976ms)
				ProcessInitializeOnLoadMethodAttributes (81ms)
				AfterProcessingInitializeOnLoad (9ms)
				EditorAssembliesLoaded (0ms)
			ExecutionOrderSort2 (0ms)
			AwakeInstancesAfterBackupRestoration (20ms)
Platform modules already initialized, skipping
Refreshing native plugins compatible for Editor in 5.18 ms, found 3 plugins.
Preloading 0 native plugins for Editor in 0.00 ms.
Unloading 3383 Unused Serialized files (Serialized files now loaded: 0)
Unloading 18 unused Assets / (151.0 KB). Loaded Objects now: 3947.
Memory consumption went from 135.5 MB to 135.3 MB.
Total: 20.959900 ms (FindLiveObjects: 8.770900 ms CreateObjectMapping: 0.536300 ms MarkObjects: 11.485500 ms  DeleteObjects: 0.165200 ms)

AssetImportParameters requested are different than current active one (requested -> active):
  custom:video-decoder-ogg-theora: a1e56fd34408186e4bbccfd4996cb3dc -> 
  custom:container-muxer-webm: aa71ff27fc2769a1b78a27578f13a17b -> 
  custom:container-demuxer-webm: 4f35f7cbe854078d1ac9338744f61a02 -> 
  custom:video-encoder-webm-vp8: eb34c28f22e8b96e1ab97ce403110664 -> 
  custom:audio-encoder-webm-vorbis: bf7c407c2cedff20999df2af8eb42d56 -> 
  custom:framework-win-MediaFoundation: 216162199b28c13a410421893ffa2e32 -> 
  custom:container-demuxer-ogg: 62fdf1f143b41e24485cea50d1cbac27 -> 
  custom:video-decoder-webm-vp8: 9c59270c3fd7afecdb556c50c9e8de78 -> 
  custom:audio-decoder-ogg-vorbis: bf7c407c2cedff20999df2af8eb42d56 -> 
========================================================================
Received Import Request.
  Time since last request: 105.319939 seconds.
  path: Assets/Buildings_pack_lite/Skybox/Sunny3 Skybox.mat
  artifactKey: Guid(53412155bc1016547b1a77b2333c0380) Importer(815301076,1909f56bfc062723c751e8b465ee728b)
Start importing Assets/Buildings_pack_lite/Skybox/Sunny3 Skybox.mat using Guid(53412155bc1016547b1a77b2333c0380) Importer(815301076,1909f56bfc062723c751e8b465ee728b)  -> (artifact id: 'f4f3f66197960ebc60c91b967b2c3859') in 0.454271 seconds 
========================================================================
Received Import Request.
  Time since last request: 709.789084 seconds.
  path: Assets/BrokenVector/LowPolyRoadPack/Materials/Car Colorscheme 2.mat
  artifactKey: Guid(1968bf9d74d362c408b28c15132baaaa) Importer(815301076,1909f56bfc062723c751e8b465ee728b)
Start importing Assets/BrokenVector/LowPolyRoadPack/Materials/Car Colorscheme 2.mat using Guid(1968bf9d74d362c408b28c15132baaaa) Importer(815301076,1909f56bfc062723c751e8b465ee728b)  -> (artifact id: '73080220e52cec73b5ebd2881b1ba2fb') in 0.135267 seconds 
========================================================================
Received Import Request.
  Time since last request: 2.705375 seconds.
  path: Assets/BrokenVector/LowPolyRoadPack/Models/Car 2.dae
  artifactKey: Guid(77034832b22fef34387efcaeb7127eaa) Importer(815301076,1909f56bfc062723c751e8b465ee728b)
Start importing Assets/BrokenVector/LowPolyRoadPack/Models/Car 2.dae using Guid(77034832b22fef34387efcaeb7127eaa) Importer(815301076,1909f56bfc062723c751e8b465ee728b)  -> (artifact id: '99ce3835a235e78818b9467dc4061d4d') in 0.133818 seconds 
========================================================================
Received Import Request.
  Time since last request: 0.000027 seconds.
  path: Assets/BrokenVector/LowPolyRoadPack/Models/Freeway Cross Freeway.dae
  artifactKey: Guid(72eb0d530cf26e74caefec9fd65ad0d0) Importer(815301076,1909f56bfc062723c751e8b465ee728b)
Start importing Assets/BrokenVector/LowPolyRoadPack/Models/Freeway Cross Freeway.dae using Guid(72eb0d530cf26e74caefec9fd65ad0d0) Importer(815301076,1909f56bfc062723c751e8b465ee728b)  -> (artifact id: 'bb292fe2430f0b3d87aac25528efbeac') in 0.053108 seconds 
========================================================================
Received Import Request.
  Time since last request: 0.000035 seconds.
  path: Assets/BrokenVector/LowPolyRoadPack/Models/Parkinglot Corner 3.dae
  artifactKey: Guid(1adf648894424ae47bca5445562efba8) Importer(815301076,1909f56bfc062723c751e8b465ee728b)
Start importing Assets/BrokenVector/LowPolyRoadPack/Models/Parkinglot Corner 3.dae using Guid(1adf648894424ae47bca5445562efba8) Importer(815301076,1909f56bfc062723c751e8b465ee728b)  -> (artifact id: '3bf26f910d104793b5ccff0e8532fe18') in 0.039694 seconds 
========================================================================
Received Import Request.
  Time since last request: 0.000035 seconds.
  path: Assets/BrokenVector/LowPolyRoadPack/Models/Highway Bridge 2.dae
  artifactKey: Guid(306a3142baf3c0f48acf183ab9a53a05) Importer(815301076,1909f56bfc062723c751e8b465ee728b)
Start importing Assets/BrokenVector/LowPolyRoadPack/Models/Highway Bridge 2.dae using Guid(306a3142baf3c0f48acf183ab9a53a05) Importer(815301076,1909f56bfc062723c751e8b465ee728b)  -> (artifact id: '0782dad86d88316eaa1b53818f1f928f') in 0.058037 seconds 
========================================================================
Received Import Request.
  Time since last request: 0.000041 seconds.
  path: Assets/BrokenVector/LowPolyRoadPack/Models/Freeway Curve 1.dae
  artifactKey: Guid(aebfc22149f8d2a45a601caf54845bba) Importer(815301076,1909f56bfc062723c751e8b465ee728b)
Start importing Assets/BrokenVector/LowPolyRoadPack/Models/Freeway Curve 1.dae using Guid(aebfc22149f8d2a45a601caf54845bba) Importer(815301076,1909f56bfc062723c751e8b465ee728b)  -> (artifact id: '5d538db599c47d008a5943a2c3e6e3b9') in 0.052508 seconds 
========================================================================
Received Import Request.
  Time since last request: 0.000026 seconds.
  path: Assets/BrokenVector/LowPolyRoadPack/Models/Highway Curve 1.dae
  artifactKey: Guid(861ccec3a0efad5458d9082800f92467) Importer(815301076,1909f56bfc062723c751e8b465ee728b)
Start importing Assets/BrokenVector/LowPolyRoadPack/Models/Highway Curve 1.dae using Guid(861ccec3a0efad5458d9082800f92467) Importer(815301076,1909f56bfc062723c751e8b465ee728b)  -> (artifact id: '199cb4e31e365fc1fe0332263e046022') in 0.041979 seconds 
========================================================================
Received Import Request.
  Time since last request: 0.000051 seconds.
  path: Assets/BrokenVector/LowPolyRoadPack/Models/Freeway Cross Road.dae
  artifactKey: Guid(55ffdfe2a9a2b114ab2e38301ab3c96a) Importer(815301076,1909f56bfc062723c751e8b465ee728b)
Start importing Assets/BrokenVector/LowPolyRoadPack/Models/Freeway Cross Road.dae using Guid(55ffdfe2a9a2b114ab2e38301ab3c96a) Importer(815301076,1909f56bfc062723c751e8b465ee728b)  -> (artifact id: '52a443e64295b29cc303fc34f1f8abe1') in 0.035458 seconds 
========================================================================
Received Import Request.
  Time since last request: 0.000043 seconds.
  path: Assets/BrokenVector/LowPolyRoadPack/Models/Highway Cross Road.dae
  artifactKey: Guid(cfcf77940ff021942bc50517e56d54cb) Importer(815301076,1909f56bfc062723c751e8b465ee728b)
Start importing Assets/BrokenVector/LowPolyRoadPack/Models/Highway Cross Road.dae using Guid(cfcf77940ff021942bc50517e56d54cb) Importer(815301076,1909f56bfc062723c751e8b465ee728b)  -> (artifact id: '9bedf285cb5ad4b83ea563b552b11393') in 0.044485 seconds 
========================================================================
Received Import Request.
  Time since last request: 0.000104 seconds.
  path: Assets/BrokenVector/LowPolyRoadPack/Models/Freeway Straight 2.dae
  artifactKey: Guid(6421912752fc45944a04fb09aae2e8a6) Importer(815301076,1909f56bfc062723c751e8b465ee728b)
Start importing Assets/BrokenVector/LowPolyRoadPack/Models/Freeway Straight 2.dae using Guid(6421912752fc45944a04fb09aae2e8a6) Importer(815301076,1909f56bfc062723c751e8b465ee728b)  -> (artifact id: '4179bf033ba1f26a02887caa565f8acb') in 0.036475 seconds 
========================================================================
Received Import Request.
  Time since last request: 0.000030 seconds.
  path: Assets/BrokenVector/LowPolyRoadPack/Models/Highway Join Highway 1.dae
  artifactKey: Guid(a17f37812c6482942b2b08f8a4b9d2c4) Importer(815301076,1909f56bfc062723c751e8b465ee728b)
Start importing Assets/BrokenVector/LowPolyRoadPack/Models/Highway Join Highway 1.dae using Guid(a17f37812c6482942b2b08f8a4b9d2c4) Importer(815301076,1909f56bfc062723c751e8b465ee728b)  -> (artifact id: 'fbfe545ff8db1d6daad6cc0bdcf43161') in 0.034848 seconds 
========================================================================
Received Import Request.
  Time since last request: 0.000026 seconds.
  path: Assets/BrokenVector/LowPolyRoadPack/Models/Highway Join Highway 2.dae
  artifactKey: Guid(df7aef7b3f5b34f438e1f16d9f25c832) Importer(815301076,1909f56bfc062723c751e8b465ee728b)
Start importing Assets/BrokenVector/LowPolyRoadPack/Models/Highway Join Highway 2.dae using Guid(df7aef7b3f5b34f438e1f16d9f25c832) Importer(815301076,1909f56bfc062723c751e8b465ee728b)  -> (artifact id: 'ce30410c6d4239a0bc4ea24ba68721eb') in 0.039747 seconds 
========================================================================
Received Import Request.
  Time since last request: 0.000031 seconds.
  path: Assets/BrokenVector/LowPolyRoadPack/Models/Parkinglot Edge 1.dae
  artifactKey: Guid(71a6712b53f17d642b18dd7dd3873131) Importer(815301076,1909f56bfc062723c751e8b465ee728b)
Start importing Assets/BrokenVector/LowPolyRoadPack/Models/Parkinglot Edge 1.dae using Guid(71a6712b53f17d642b18dd7dd3873131) Importer(815301076,1909f56bfc062723c751e8b465ee728b)  -> (artifact id: '9feb880f6cb98e221a6d3962a621c87d') in 0.041500 seconds 
========================================================================
Received Import Request.
  Time since last request: 0.000029 seconds.
  path: Assets/BrokenVector/LowPolyRoadPack/Models/Freeway Join Freeway 2.dae
  artifactKey: Guid(333adb85cff2d42459cd00449998046f) Importer(815301076,1909f56bfc062723c751e8b465ee728b)
Start importing Assets/BrokenVector/LowPolyRoadPack/Models/Freeway Join Freeway 2.dae using Guid(333adb85cff2d42459cd00449998046f) Importer(815301076,1909f56bfc062723c751e8b465ee728b)  -> (artifact id: '90d1d93ff791256cb5445838e31c6092') in 0.048715 seconds 
========================================================================
Received Import Request.
  Time since last request: 0.000056 seconds.
  path: Assets/BrokenVector/LowPolyRoadPack/Models/Parkinglot Center 3.dae
  artifactKey: Guid(84f030ebdfeda2448bc8b294323ceeec) Importer(815301076,1909f56bfc062723c751e8b465ee728b)
Start importing Assets/BrokenVector/LowPolyRoadPack/Models/Parkinglot Center 3.dae using Guid(84f030ebdfeda2448bc8b294323ceeec) Importer(815301076,1909f56bfc062723c751e8b465ee728b)  -> (artifact id: 'c9d33c07092dc23d5e10f5d92ee516ea') in 0.042957 seconds 
========================================================================
Received Import Request.
  Time since last request: 0.000033 seconds.
  path: Assets/BrokenVector/LowPolyRoadPack/Models/Highway S-Curve.dae
  artifactKey: Guid(901bb15896c0ed444a89af207f0d0ffe) Importer(815301076,1909f56bfc062723c751e8b465ee728b)
Start importing Assets/BrokenVector/LowPolyRoadPack/Models/Highway S-Curve.dae using Guid(901bb15896c0ed444a89af207f0d0ffe) Importer(815301076,1909f56bfc062723c751e8b465ee728b)  -> (artifact id: 'a5cdb0a8882f6aa7285510726c6e7503') in 0.085902 seconds 
========================================================================
Received Import Request.
  Time since last request: 0.000039 seconds.
  path: Assets/BrokenVector/LowPolyRoadPack/Models/Highway Straight 2.dae
  artifactKey: Guid(da1a0020a373025418e1119879ed8146) Importer(815301076,1909f56bfc062723c751e8b465ee728b)
Start importing Assets/BrokenVector/LowPolyRoadPack/Models/Highway Straight 2.dae using Guid(da1a0020a373025418e1119879ed8146) Importer(815301076,1909f56bfc062723c751e8b465ee728b)  -> (artifact id: '8b4709babbd312d4429a455f82d6fc21') in 0.076413 seconds 
========================================================================
Received Import Request.
  Time since last request: 0.000039 seconds.
  path: Assets/BrokenVector/LowPolyRoadPack/Models/Freeway Join Road.dae
  artifactKey: Guid(5548c48b8a63235488a0afe4b462749d) Importer(815301076,1909f56bfc062723c751e8b465ee728b)
Start importing Assets/BrokenVector/LowPolyRoadPack/Models/Freeway Join Road.dae using Guid(5548c48b8a63235488a0afe4b462749d) Importer(815301076,1909f56bfc062723c751e8b465ee728b)  -> (artifact id: 'df1a95aa418f12eef7eb6ac698bb9042') in 0.053241 seconds 
========================================================================
Received Import Request.
  Time since last request: 0.000054 seconds.
  path: Assets/BrokenVector/LowPolyRoadPack/Models/Parkinglot Corner 2.dae
  artifactKey: Guid(e7dfa1315d7d3164fb4e39956f2357ee) Importer(815301076,1909f56bfc062723c751e8b465ee728b)
Start importing Assets/BrokenVector/LowPolyRoadPack/Models/Parkinglot Corner 2.dae using Guid(e7dfa1315d7d3164fb4e39956f2357ee) Importer(815301076,1909f56bfc062723c751e8b465ee728b)  -> (artifact id: 'ee7eab018152b5a1b7b238e5f2219ccf') in 0.046216 seconds 
========================================================================
Received Import Request.
  Time since last request: 1.417291 seconds.
  path: Assets/BrokenVector/LowPolyRoadPack/Models/Parkinglot Entrance.dae
  artifactKey: Guid(c123f92dda3cc22459ede19497c88734) Importer(815301076,1909f56bfc062723c751e8b465ee728b)
Start importing Assets/BrokenVector/LowPolyRoadPack/Models/Parkinglot Entrance.dae using Guid(c123f92dda3cc22459ede19497c88734) Importer(815301076,1909f56bfc062723c751e8b465ee728b)  -> (artifact id: '7251b07468aed12cf7050476e3b9eafc') in 0.035860 seconds 
========================================================================
Received Import Request.
  Time since last request: 0.000061 seconds.
  path: Assets/BrokenVector/LowPolyRoadPack/Models/Road Lift Highway.dae
  artifactKey: Guid(ebec32a200e40f84ba441fb26dd604c8) Importer(815301076,1909f56bfc062723c751e8b465ee728b)
Start importing Assets/BrokenVector/LowPolyRoadPack/Models/Road Lift Highway.dae using Guid(ebec32a200e40f84ba441fb26dd604c8) Importer(815301076,1909f56bfc062723c751e8b465ee728b)  -> (artifact id: '4dd65f87da9dd9317ea4a021a691a284') in 0.039594 seconds 
========================================================================
Received Import Request.
  Time since last request: 0.000624 seconds.
  path: Assets/BrokenVector/LowPolyRoadPack/Models/Road Curve.dae
  artifactKey: Guid(391f4d072c0c3df4884006cdbef382ba) Importer(815301076,1909f56bfc062723c751e8b465ee728b)
Start importing Assets/BrokenVector/LowPolyRoadPack/Models/Road Curve.dae using Guid(391f4d072c0c3df4884006cdbef382ba) Importer(815301076,1909f56bfc062723c751e8b465ee728b)  -> (artifact id: 'bb73784b42de01c83b6883bd9ad9265e') in 0.031977 seconds 
========================================================================
Received Import Request.
  Time since last request: 0.000027 seconds.
  path: Assets/BrokenVector/LowPolyRoadPack/Models/Road Straight 1.dae
  artifactKey: Guid(b4923c0dba942fa43a6c6e6831a89113) Importer(815301076,1909f56bfc062723c751e8b465ee728b)
Start importing Assets/BrokenVector/LowPolyRoadPack/Models/Road Straight 1.dae using Guid(b4923c0dba942fa43a6c6e6831a89113) Importer(815301076,1909f56bfc062723c751e8b465ee728b)  -> (artifact id: '792959bd9657bf58f668a4e0634576d8') in 0.037454 seconds 
========================================================================
Received Import Request.
  Time since last request: 0.000027 seconds.
  path: Assets/BrokenVector/LowPolyRoadPack/Models/Road Looping.dae
  artifactKey: Guid(3489a6b45e153324991c8f803c6e0bb3) Importer(815301076,1909f56bfc062723c751e8b465ee728b)
Start importing Assets/BrokenVector/LowPolyRoadPack/Models/Road Looping.dae using Guid(3489a6b45e153324991c8f803c6e0bb3) Importer(815301076,1909f56bfc062723c751e8b465ee728b)  -> (artifact id: 'ebccaddd67fc6dbd580dc07499a5a5d0') in 0.048433 seconds 
========================================================================
Received Import Request.
  Time since last request: 0.000042 seconds.
  path: Assets/BrokenVector/LowPolyRoadPack/Models/Road Join Road.dae
  artifactKey: Guid(1869066258e66524dabd0031005b03ff) Importer(815301076,1909f56bfc062723c751e8b465ee728b)
Start importing Assets/BrokenVector/LowPolyRoadPack/Models/Road Join Road.dae using Guid(1869066258e66524dabd0031005b03ff) Importer(815301076,1909f56bfc062723c751e8b465ee728b)  -> (artifact id: '960ce9afbba4f6d89f1eb42efbadbf07') in 0.049786 seconds 
========================================================================
Received Import Request.
  Time since last request: 1.643350 seconds.
  path: Assets/BrokenVector/LowPolyRoadPack/Models/Road Straight 3.dae
  artifactKey: Guid(628ab3e2fbe6f144d8ab49b2ef8846df) Importer(815301076,1909f56bfc062723c751e8b465ee728b)
Start importing Assets/BrokenVector/LowPolyRoadPack/Models/Road Straight 3.dae using Guid(628ab3e2fbe6f144d8ab49b2ef8846df) Importer(815301076,1909f56bfc062723c751e8b465ee728b)  -> (artifact id: 'eb5fa4b2b406f6385123041fa1206b70') in 0.025040 seconds 
========================================================================
Received Import Request.
  Time since last request: 0.000025 seconds.
  path: Assets/BrokenVector/LowPolyRoadPack/Models/SingleLane S-Curve.dae
  artifactKey: Guid(e033f669abc057d4ab3801af0792f88a) Importer(815301076,1909f56bfc062723c751e8b465ee728b)
Start importing Assets/BrokenVector/LowPolyRoadPack/Models/SingleLane S-Curve.dae using Guid(e033f669abc057d4ab3801af0792f88a) Importer(815301076,1909f56bfc062723c751e8b465ee728b)  -> (artifact id: '887f4d474d409cc7a439149f3c3a306f') in 0.056632 seconds 
========================================================================
Received Import Request.
  Time since last request: 0.000023 seconds.
  path: Assets/BrokenVector/LowPolyRoadPack/Models/Tunnel Entrance 2.dae
  artifactKey: Guid(42e238ecb6fe5c34381c1899f40cdc59) Importer(815301076,1909f56bfc062723c751e8b465ee728b)
Start importing Assets/BrokenVector/LowPolyRoadPack/Models/Tunnel Entrance 2.dae using Guid(42e238ecb6fe5c34381c1899f40cdc59) Importer(815301076,1909f56bfc062723c751e8b465ee728b)  -> (artifact id: '895c7e8cdf5d0d024ef047835ce944ef') in 0.043782 seconds 
========================================================================
Received Import Request.
  Time since last request: 0.000047 seconds.
  path: Assets/BrokenVector/LowPolyRoadPack/Models/SingleLane Join SingleLane.dae
  artifactKey: Guid(d4b7f9095e4b9734cab4e187c97ba1a6) Importer(815301076,1909f56bfc062723c751e8b465ee728b)
Start importing Assets/BrokenVector/LowPolyRoadPack/Models/SingleLane Join SingleLane.dae using Guid(d4b7f9095e4b9734cab4e187c97ba1a6) Importer(815301076,1909f56bfc062723c751e8b465ee728b)  -> (artifact id: '72c349aea7f49980c1350ec316f43925') in 0.067303 seconds 
========================================================================
Received Import Request.
  Time since last request: 0.000033 seconds.
  path: Assets/BrokenVector/LowPolyRoadPack/Models/SingleLane Straight 2.dae
  artifactKey: Guid(78a8961655872db4b843048acb88450a) Importer(815301076,1909f56bfc062723c751e8b465ee728b)
Start importing Assets/BrokenVector/LowPolyRoadPack/Models/SingleLane Straight 2.dae using Guid(78a8961655872db4b843048acb88450a) Importer(815301076,1909f56bfc062723c751e8b465ee728b)  -> (artifact id: '93dbaca8679375a2f6f367f86b5472fe') in 0.061980 seconds 
========================================================================
Received Import Request.
  Time since last request: 0.000032 seconds.
  path: Assets/BrokenVector/LowPolyRoadPack/Models/SingleLane Straight 1.dae
  artifactKey: Guid(69f4b809270776f4aaa4b23e75155df2) Importer(815301076,1909f56bfc062723c751e8b465ee728b)
Start importing Assets/BrokenVector/LowPolyRoadPack/Models/SingleLane Straight 1.dae using Guid(69f4b809270776f4aaa4b23e75155df2) Importer(815301076,1909f56bfc062723c751e8b465ee728b)  -> (artifact id: '7e439ec8dc54deb7a0142b6a2e63d1d7') in 0.037429 seconds 
========================================================================
Received Import Request.
  Time since last request: 1.451531 seconds.
  path: Assets/BrokenVector/LowPolyRoadPack/Models/Tunnel Straight 4.dae
  artifactKey: Guid(f5363fa7f00d1a14dace523483cf17f2) Importer(815301076,1909f56bfc062723c751e8b465ee728b)
Start importing Assets/BrokenVector/LowPolyRoadPack/Models/Tunnel Straight 4.dae using Guid(f5363fa7f00d1a14dace523483cf17f2) Importer(815301076,1909f56bfc062723c751e8b465ee728b)  -> (artifact id: 'be8fcdbc7f854dc28c6d88eae8705aa2') in 0.028234 seconds 
========================================================================
Received Import Request.
  Time since last request: 81.611270 seconds.
  path: Assets/CartoonLowPolyCityLite/Models/Car_03.fbx
  artifactKey: Guid(ec22f6907b621d244b0c3a0bc8e7448e) Importer(815301076,1909f56bfc062723c751e8b465ee728b)
Start importing Assets/CartoonLowPolyCityLite/Models/Car_03.fbx using Guid(ec22f6907b621d244b0c3a0bc8e7448e) Importer(815301076,1909f56bfc062723c751e8b465ee728b)  -> (artifact id: '016237c0ae95083af1671fd3d36495c0') in 0.059785 seconds 
========================================================================
Received Import Request.
  Time since last request: 0.000098 seconds.
  path: Assets/CartoonLowPolyCityLite/Models/House_16.fbx
  artifactKey: Guid(68f231344d354a34b9e3b1548957becf) Importer(815301076,1909f56bfc062723c751e8b465ee728b)
Start importing Assets/CartoonLowPolyCityLite/Models/House_16.fbx using Guid(68f231344d354a34b9e3b1548957becf) Importer(815301076,1909f56bfc062723c751e8b465ee728b)  -> (artifact id: 'bd98bd23f51b75e942b25d28a1d0072e') in 0.046056 seconds 
========================================================================
Received Import Request.
  Time since last request: 0.000033 seconds.
  path: Assets/CartoonLowPolyCityLite/Models/Wheel_01.fbx
  artifactKey: Guid(44d75a02ae0c8254b9488a4d26b7566b) Importer(815301076,1909f56bfc062723c751e8b465ee728b)
Start importing Assets/CartoonLowPolyCityLite/Models/Wheel_01.fbx using Guid(44d75a02ae0c8254b9488a4d26b7566b) Importer(815301076,1909f56bfc062723c751e8b465ee728b)  -> (artifact id: 'dfd3362c16a37be0af0e11a3c9087da0') in 0.030309 seconds 
========================================================================
Received Import Request.
  Time since last request: 0.000403 seconds.
  path: Assets/CartoonLowPolyCityLite/Models/Road_02.fbx
  artifactKey: Guid(ca2722c539df2234783afb64de449265) Importer(815301076,1909f56bfc062723c751e8b465ee728b)
Start importing Assets/CartoonLowPolyCityLite/Models/Road_02.fbx using Guid(ca2722c539df2234783afb64de449265) Importer(815301076,1909f56bfc062723c751e8b465ee728b)  -> (artifact id: '95da151170c6941beb9648e5e0d05645') in 0.063348 seconds 
========================================================================
Received Import Request.
  Time since last request: 0.000073 seconds.
  path: Assets/CartoonLowPolyCityLite/Models/Trash_01.fbx
  artifactKey: Guid(0a0d02952336e2446af995ca257a42d4) Importer(815301076,1909f56bfc062723c751e8b465ee728b)
Start importing Assets/CartoonLowPolyCityLite/Models/Trash_01.fbx using Guid(0a0d02952336e2446af995ca257a42d4) Importer(815301076,1909f56bfc062723c751e8b465ee728b)  -> (artifact id: '1754bfa890d5829f560e81c6d087102f') in 0.047394 seconds 
========================================================================
Received Import Request.
  Time since last request: 45.541191 seconds.
  path: Assets/Tiny_Toony_City_Demo/Meshes/Demo_Asphalt.fbx
  artifactKey: Guid(bdd8b59fd28ade14d951aeeb4c9644d0) Importer(815301076,1909f56bfc062723c751e8b465ee728b)
Start importing Assets/Tiny_Toony_City_Demo/Meshes/Demo_Asphalt.fbx using Guid(bdd8b59fd28ade14d951aeeb4c9644d0) Importer(815301076,1909f56bfc062723c751e8b465ee728b)  -> (artifact id: 'a56da5fc29dd776ab998cabc70e2c51b') in 0.036037 seconds 
========================================================================
Received Import Request.
  Time since last request: 0.000027 seconds.
  path: Assets/Tiny_Toony_City_Demo/Meshes/Demo_Crossing.fbx
  artifactKey: Guid(f98d0f97a920741499853e1e86a88ced) Importer(815301076,1909f56bfc062723c751e8b465ee728b)
Start importing Assets/Tiny_Toony_City_Demo/Meshes/Demo_Crossing.fbx using Guid(f98d0f97a920741499853e1e86a88ced) Importer(815301076,1909f56bfc062723c751e8b465ee728b)  -> (artifact id: 'f350f334ca5dc1dac2650e15a2f4b354') in 0.039807 seconds 
========================================================================
Received Import Request.
  Time since last request: 0.000036 seconds.
  path: Assets/Tiny_Toony_City_Demo/Meshes/Demo_Block.fbx
  artifactKey: Guid(3c7d5dece75cf9845ad850601668e7d8) Importer(815301076,1909f56bfc062723c751e8b465ee728b)
Start importing Assets/Tiny_Toony_City_Demo/Meshes/Demo_Block.fbx using Guid(3c7d5dece75cf9845ad850601668e7d8) Importer(815301076,1909f56bfc062723c751e8b465ee728b)  -> (artifact id: '1b080b0a31359ededfad68eab1a955e8') in 0.266780 seconds 
========================================================================
Received Prepare
Registering precompiled user dll's ...
Registered in 0.013783 seconds.
Begin MonoManager ReloadAssembly
Symbol file LoadedFromMemory doesn't match image D:\Projetos\Unity\Busca-do-Agasalho\Em_Busca_Do_Agasalho\Library\PackageCache\com.unity.visualscripting@1.7.6\Editor\VisualScripting.Core\Dependencies\YamlDotNet\Unity.VisualScripting.YamlDotNet.dll
Symbol file LoadedFromMemory is not a mono symbol file
Symbol file LoadedFromMemory doesn't match image D:\Projetos\Unity\Busca-do-Agasalho\Em_Busca_Do_Agasalho\Library\PackageCache\com.unity.visualscripting@1.7.6\Editor\VisualScripting.Core\Dependencies\DotNetZip\Unity.VisualScripting.IonicZip.dll
Native extension for UWP target not found
Native extension for WindowsStandalone target not found
Refreshing native plugins compatible for Editor in 1.84 ms, found 3 plugins.
Preloading 0 native plugins for Editor in 0.00 ms.
Mono: successfully reloaded assembly
- Completed reload, in  4.254 seconds
Domain Reload Profiling:
	ReloadAssembly (4256ms)
		BeginReloadAssembly (382ms)
			ExecutionOrderSort (0ms)
			DisableScriptedObjects (11ms)
			BackupInstance (0ms)
			ReleaseScriptingObjects (0ms)
			CreateAndSetChildDomain (54ms)
		EndReloadAssembly (3390ms)
			LoadAssemblies (479ms)
			RebuildTransferFunctionScriptingTraits (0ms)
			SetupTypeCache (1239ms)
			ReleaseScriptCaches (9ms)
			RebuildScriptCaches (293ms)
			SetupLoadedEditorAssemblies (1184ms)
				LogAssemblyErrors (0ms)
				InitializePlatformSupportModulesInManaged (58ms)
				SetLoadedEditorAssemblies (1ms)
				RefreshPlugins (2ms)
				BeforeProcessingInitializeOnLoad (220ms)
				ProcessInitializeOnLoadAttributes (779ms)
				ProcessInitializeOnLoadMethodAttributes (111ms)
				AfterProcessingInitializeOnLoad (12ms)
				EditorAssembliesLoaded (0ms)
			ExecutionOrderSort2 (0ms)
			AwakeInstancesAfterBackupRestoration (16ms)
Platform modules already initialized, skipping
Refreshing native plugins compatible for Editor in 14.88 ms, found 3 plugins.
Preloading 0 native plugins for Editor in 0.00 ms.
Unloading 3383 Unused Serialized files (Serialized files now loaded: 0)
Unloading 18 unused Assets / (150.9 KB). Loaded Objects now: 3967.
Memory consumption went from 136.0 MB to 135.9 MB.
Total: 9.481000 ms (FindLiveObjects: 0.654000 ms CreateObjectMapping: 0.386900 ms MarkObjects: 7.939800 ms  DeleteObjects: 0.498200 ms)

AssetImportParameters requested are different than current active one (requested -> active):
  custom:video-decoder-ogg-theora: a1e56fd34408186e4bbccfd4996cb3dc -> 
  custom:container-muxer-webm: aa71ff27fc2769a1b78a27578f13a17b -> 
  custom:container-demuxer-webm: 4f35f7cbe854078d1ac9338744f61a02 -> 
  custom:video-encoder-webm-vp8: eb34c28f22e8b96e1ab97ce403110664 -> 
  custom:audio-encoder-webm-vorbis: bf7c407c2cedff20999df2af8eb42d56 -> 
  custom:framework-win-MediaFoundation: 216162199b28c13a410421893ffa2e32 -> 
  custom:container-demuxer-ogg: 62fdf1f143b41e24485cea50d1cbac27 -> 
  custom:video-decoder-webm-vp8: 9c59270c3fd7afecdb556c50c9e8de78 -> 
  custom:audio-decoder-ogg-vorbis: bf7c407c2cedff20999df2af8eb42d56 -> 
========================================================================
Received Import Request.
  Time since last request: 171.541056 seconds.
  path: Assets/Buildings_pack_lite/Prefabs/Houses/1_pink_houses/house01.prefab
  artifactKey: Guid(f44c28f4c32dfcd47a37532f228877e5) Importer(815301076,1909f56bfc062723c751e8b465ee728b)
Start importing Assets/Buildings_pack_lite/Prefabs/Houses/1_pink_houses/house01.prefab using Guid(f44c28f4c32dfcd47a37532f228877e5) Importer(815301076,1909f56bfc062723c751e8b465ee728b)  -> (artifact id: 'ebf4eacbe0eede650206d3fa55a6f0e4') in 0.159977 seconds 
========================================================================
Received Import Request.
  Time since last request: 0.000037 seconds.
  path: Assets/Buildings_pack_lite/Prefabs/Houses/1_pink_houses/house05.prefab
  artifactKey: Guid(3b22952f928df9d4ea2c811fb4fafeea) Importer(815301076,1909f56bfc062723c751e8b465ee728b)
Start importing Assets/Buildings_pack_lite/Prefabs/Houses/1_pink_houses/house05.prefab using Guid(3b22952f928df9d4ea2c811fb4fafeea) Importer(815301076,1909f56bfc062723c751e8b465ee728b) Render queue value outside of the allowed range (2501 - 3999) for selected Blend mode, resetting render queue to default
 -> (artifact id: 'b11a8706d817f11a2aaa6a0eeebe13da') in 0.405893 seconds 
========================================================================
Received Prepare
Registering precompiled user dll's ...
Registered in 0.010200 seconds.
Begin MonoManager ReloadAssembly
Symbol file LoadedFromMemory doesn't match image D:\Projetos\Unity\Busca-do-Agasalho\Em_Busca_Do_Agasalho\Library\PackageCache\com.unity.visualscripting@1.7.6\Editor\VisualScripting.Core\Dependencies\YamlDotNet\Unity.VisualScripting.YamlDotNet.dll
Symbol file LoadedFromMemory is not a mono symbol file
Symbol file LoadedFromMemory doesn't match image D:\Projetos\Unity\Busca-do-Agasalho\Em_Busca_Do_Agasalho\Library\PackageCache\com.unity.visualscripting@1.7.6\Editor\VisualScripting.Core\Dependencies\DotNetZip\Unity.VisualScripting.IonicZip.dll
Native extension for UWP target not found
Native extension for WindowsStandalone target not found
Refreshing native plugins compatible for Editor in 0.68 ms, found 3 plugins.
Preloading 0 native plugins for Editor in 0.00 ms.
Mono: successfully reloaded assembly
- Completed reload, in  3.145 seconds
Domain Reload Profiling:
	ReloadAssembly (3146ms)
		BeginReloadAssembly (379ms)
			ExecutionOrderSort (0ms)
			DisableScriptedObjects (6ms)
			BackupInstance (0ms)
			ReleaseScriptingObjects (0ms)
			CreateAndSetChildDomain (90ms)
		EndReloadAssembly (2469ms)
			LoadAssemblies (357ms)
			RebuildTransferFunctionScriptingTraits (0ms)
			SetupTypeCache (967ms)
			ReleaseScriptCaches (4ms)
			RebuildScriptCaches (171ms)
			SetupLoadedEditorAssemblies (934ms)
				LogAssemblyErrors (0ms)
				InitializePlatformSupportModulesInManaged (45ms)
				SetLoadedEditorAssemblies (1ms)
				RefreshPlugins (1ms)
				BeforeProcessingInitializeOnLoad (190ms)
				ProcessInitializeOnLoadAttributes (611ms)
				ProcessInitializeOnLoadMethodAttributes (77ms)
				AfterProcessingInitializeOnLoad (8ms)
				EditorAssembliesLoaded (0ms)
			ExecutionOrderSort2 (0ms)
			AwakeInstancesAfterBackupRestoration (18ms)
Platform modules already initialized, skipping
Refreshing native plugins compatible for Editor in 3.34 ms, found 3 plugins.
Preloading 0 native plugins for Editor in 0.00 ms.
Unloading 3383 Unused Serialized files (Serialized files now loaded: 0)
Unloading 18 unused Assets / (150.9 KB). Loaded Objects now: 3982.
Memory consumption went from 136.1 MB to 136.0 MB.
Total: 7.975900 ms (FindLiveObjects: 0.878900 ms CreateObjectMapping: 0.594000 ms MarkObjects: 5.589300 ms  DeleteObjects: 0.912500 ms)

AssetImportParameters requested are different than current active one (requested -> active):
  custom:video-decoder-ogg-theora: a1e56fd34408186e4bbccfd4996cb3dc -> 
  custom:container-muxer-webm: aa71ff27fc2769a1b78a27578f13a17b -> 
  custom:container-demuxer-webm: 4f35f7cbe854078d1ac9338744f61a02 -> 
  custom:video-encoder-webm-vp8: eb34c28f22e8b96e1ab97ce403110664 -> 
  custom:audio-encoder-webm-vorbis: bf7c407c2cedff20999df2af8eb42d56 -> 
  custom:framework-win-MediaFoundation: 216162199b28c13a410421893ffa2e32 -> 
  custom:container-demuxer-ogg: 62fdf1f143b41e24485cea50d1cbac27 -> 
  custom:video-decoder-webm-vp8: 9c59270c3fd7afecdb556c50c9e8de78 -> 
  custom:audio-decoder-ogg-vorbis: bf7c407c2cedff20999df2af8eb42d56 -> 
